---
  012345678

0 020906037
1 716200000
2 000870020
3 001000040
4 400090001
5 050000200
6 030058000
7 000007914
8 670109080
---
0 :( 7 , 1 )-> 8
0 :( 6 , 0 )-> 1
0 :( 6 , 0 )-> 1
0 :( 6 , 0 )-> 1
---
  012345678

0 020906037
1 716200000
2 000870020
3 001000040
4 400090001
5 050000200
6 130058000
7 080007914
8 670109080
---
0 :( 4 , 1 )-> 6
---
  012345678

0 020906037
1 716200000
2 000870020
3 001000040
4 460090001
5 050000200
6 130058000
7 080007914
8 670109080
---
0 :( 3 , 1 )-> 9
---
  012345678

0 020906037
1 716200000
2 000870020
3 091000040
4 460090001
5 050000200
6 130058000
7 080007914
8 670109080
---
0 :( 2 , 1 )-> 4
---
  012345678

0 020906037
1 716200000
2 040870020
3 091000040
4 460090001
5 050000200
6 130058000
7 080007914
8 670109080
---
0 :Test( 1 , 7 )-> 5
1 :( 1 , 7 )-> 5
---
  012345678

0 020906037
1 716200050
2 040870020
3 091000040
4 460090001
5 050000200
6 130058000
7 080007914
8 670109080
---
1 :( 4 , 7 )-> 7
---
  012345678

0 020906037
1 716200050
2 040870020
3 091000040
4 460090071
5 050000200
6 130058000
7 080007914
8 670109080
---
1 :( 6 , 7 )-> 6
1 :( 6 , 6 )-> 7
1 :( 6 , 6 )-> 7
1 :( 6 , 6 )-> 7
---
  012345678

0 020906037
1 716200050
2 040870020
3 091000040
4 460090071
5 050000200
6 130058760
7 080007914
8 670109080
---
1 :( 5 , 7 )-> 9
1 :( 6 , 3 )-> 4
1 :( 6 , 8 )-> 2
---
  012345678

0 020906037
1 716200050
2 040870020
3 091000040
4 460090071
5 050000290
6 130458762
7 080007914
8 670109080
---
1 :( 6 , 2 )-> 9
1 :( 8 , 2 )-> 4
1 :( 8 , 2 )-> 4
1 :( 8 , 2 )-> 4
---
  012345678

0 020906037
1 716200050
2 040870020
3 091000040
4 460090071
5 050000290
6 139458762
7 080007914
8 674109080
---
1 :Test( 1 , 8 )-> 8
2 :( 1 , 8 )-> 8
2 :( 1 , 0 )-> 9
2 :( 2 , 8 )-> 9
2 :( 2 , 8 )-> 9
---
  012345678

0 020906037
1 916200058
2 040870029
3 091000040
4 460090071
5 050000290
6 139458762
7 080007914
8 674109080
---
2 :( 1 , 6 )-> 4
---
  012345678

0 020906037
1 916200458
2 040870029
3 091000040
4 460090071
5 050000290
6 139458762
7 080007914
8 674109080
---
2 :( 0 , 6 )-> 1
2 :( 1 , 4 )-> 3
2 :( 1 , 5 )-> 3
---
  012345678

0 020906137
1 916233458
2 040870029
3 091000040
4 460090071
5 050000290
6 139458762
7 080007914
8 674109080
---
2 :( 0 , 4 )-> 4
2 :( 2 , 6 )-> 6
2 :( 8 , 4 )-> 2
---
  012345678

0 020946137
1 916233458
2 040870629
3 091000040
4 460090071
5 050000290
6 139458762
7 080007914
8 674129080
---
2 :( 7 , 4 )-> 6
2 :( 5 , 5 )-> 4
2 :( 5 , 5 )-> 4
2 :( 5 , 5 )-> 4
---
  012345678

0 020946137
1 916233458
2 040870629
3 091000040
4 460090071
5 050004290
6 139458762
7 080067914
8 674129080
---
2 :( 3 , 4 )-> 8
2 :( 7 , 3 )-> 3
---
  012345678

0 020946137
1 916233458
2 040870629
3 091080040
4 460090071
5 050004290
6 139458762
7 080367914
8 674129080
---
2 :( 4 , 3 )-> 5
2 :( 5 , 4 )-> 1
---
  012345678

0 020946137
1 916233458
2 040870629
3 091080040
4 460590071
5 050014290
6 139458762
7 080367914
8 674129080
---
2 :( 3 , 5 )-> 2
2 :( 4 , 5 )-> 2
2 :( 2 , 5 )-> 1
2 :( 2 , 5 )-> 1
2 :( 2 , 5 )-> 1
---
  012345678

0 020946137
1 916233458
2 040871629
3 091082040
4 460592071
5 050014290
6 139458762
7 080367914
8 674129080
---
2 :( 3 , 0 )-> 3
2 :( 7 , 0 )-> 2
2 :( 7 , 2 )-> 2
---
  012345678

0 020946137
1 916233458
2 040871629
3 391082040
4 460592071
5 050014290
6 139458762
7 282367914
8 674129080
---
2 :( 2 , 0 )-> 5
2 :( 3 , 6 )-> 5
2 :( 4 , 2 )-> 8
2 :( 5 , 0 )-> 8
2 :( 2 , 2 )-> 3
2 :( 2 , 2 )-> 3
2 :( 2 , 2 )-> 3
---
  012345678

0 020946137
1 916233458
2 543871629
3 391082540
4 468592071
5 850014290
6 139458762
7 282367914
8 674129080
---
2 :( 3 , 8 )-> 6
2 :( 4 , 6 )-> 3
2 :( 5 , 2 )-> 7
2 :( 8 , 6 )-> 3
2 :( 0 , 5 )-> 5
2 :( 0 , 5 )-> 5
2 :( 0 , 5 )-> 5
---
  012345678

0 020945137
1 916233458
2 543871629
3 391082546
4 468592371
5 857014290
6 139458762
7 282367914
8 674129380
---
2 :( 3 , 3 )-> 7
2 :( 5 , 3 )-> 6
2 :( 8 , 8 )-> 5
2 :( 3 , 3 )-> 7
2 :( 5 , 3 )-> 6
2 :( 5 , 3 )-> 6
2 :( 3 , 3 )-> 7
2 :( 5 , 3 )-> 6
2 :( 3 , 3 )-> 7
---
  012345678

0 020945137
1 916233458
2 543871629
3 391782546
4 468592371
5 857614290
6 139458762
7 282367914
8 674129385
---
2 :( 7 , 2 )-> 5
2 :( 7 , 2 )-> 5
2 :( 7 , 2 )-> 5
---
  012345678

0 020945137
1 916233458
2 543871629
3 391782546
4 468592371
5 857614290
6 139458762
7 285367914
8 674129385
---
1 :Test( 1 , 8 )-> 9
2 :( 1 , 8 )-> 9
---
  012345678

0 020906037
1 716200059
2 040870020
3 091000040
4 460090071
5 050000290
6 139458762
7 080007914
8 674109080
---
2 :( 2 , 8 )-> 6
2 :( 2 , 0 )-> 9
2 :( 2 , 0 )-> 9
2 :( 2 , 0 )-> 9
---
  012345678

0 020906037
1 716200059
2 940870026
3 091000040
4 460090071
5 050000290
6 139458762
7 080007914
8 674109080
---
2 :( 2 , 6 )-> 1
---
  012345678

0 020906037
1 716200059
2 940870126
3 091000040
4 460090071
5 050000290
6 139458762
7 080007914
8 674109080
---
2 :Test( 0 , 0 )-> 5
3 :( 0 , 0 )-> 5
---
  012345678

0 520906037
1 716200059
2 940870126
3 091000040
4 460090071
5 050000290
6 139458762
7 080007914
8 674109080
---
3 :( 0 , 2 )-> 8
3 :( 2 , 2 )-> 3
3 :( 7 , 0 )-> 2
---
  012345678

0 528906037
1 716200059
2 943870126
3 091000040
4 460090071
5 050000290
6 139458762
7 280007914
8 674109080
---
3 :( 0 , 6 )-> 4
3 :( 2 , 5 )-> 5
3 :( 4 , 2 )-> 2
3 :( 5 , 2 )-> 7
3 :( 7 , 2 )-> 5
3 :( 1 , 6 )-> 8
3 :( 1 , 6 )-> 8
---
  012345678

0 528906437
1 716200859
2 943875126
3 091000040
4 462090071
5 057000290
6 139458762
7 285007914
8 674109080
---
3 :( 0 , 4 )-> 1
3 :( 4 , 5 )-> 3
3 :( 3 , 3 )-> 7
3 :( 3 , 3 )-> 7
3 :( 3 , 3 )-> 7
---
  012345678

0 528916437
1 716200859
2 943875126
3 091700040
4 462093071
5 057000290
6 139458762
7 285007914
8 674109080
---
3 :( 1 , 5 )-> 4
3 :( 3 , 5 )-> 2
3 :( 4 , 3 )-> 5
3 :( 4 , 6 )-> 5
3 :( 5 , 3 )-> 6
3 :( 5 , 5 )-> 1
3 :( 5 , 5 )-> 1
3 :( 5 , 5 )-> 1
---
  012345678

0 528916437
1 716204859
2 943875126
3 091702040
4 462593571
5 057601290
6 139458762
7 285007914
8 674109080
---
3 :( 1 , 4 )-> 3
3 :( 3 , 4 )-> 8
3 :( 7 , 3 )-> 3
3 :( 8 , 6 )-> 3
3 :( 3 , 6 )-> 6
3 :( 5 , 4 )-> 4
3 :( 7 , 4 )-> 6
3 :( 8 , 4 )-> 2
3 :( 8 , 8 )-> 5
3 :( 8 , 4 )-> 2
3 :( 5 , 4 )-> 4
3 :( 7 , 4 )-> 6
3 :( 3 , 6 )-> 6
3 :( 8 , 8 )-> 5
3 :( 5 , 4 )-> 4
3 :( 3 , 6 )-> 6
3 :( 8 , 4 )-> 2
3 :( 7 , 4 )-> 6
3 :( 8 , 8 )-> 5
---
  012345678

0 528916437
1 716234859
2 943875126
3 091782640
4 462593571
5 057641290
6 139458762
7 285367914
8 674129385
---
3 :( 3 , 0 )-> 3
3 :( 3 , 8 )-> 3
---
  012345678

0 528916437
1 716234859
2 943875126
3 391782643
4 462593571
5 057641290
6 139458762
7 285367914
8 674129385
---
3 :( 5 , 0 )-> 8
3 :( 5 , 8 )-> 8
---
  012345678

0 528916437
1 716234859
2 943875126
3 391782643
4 462593571
5 857641298
6 139458762
7 285367914
8 674129385
---
---
  012345678

0 528916437
1 716234859
2 943875126
3 391782643
4 462593571
5 857641298
6 139458762
7 285367914
8 674129385
---
( 3 , 8 )にて重複した解答発見
2 :Test( 0 , 0 )-> 8
3 :( 0 , 0 )-> 8
---
  012345678

0 820906037
1 716200059
2 940870126
3 091000040
4 460090071
5 050000290
6 139458762
7 080007914
8 674109080
---
3 :( 0 , 2 )-> 5
3 :( 0 , 6 )-> 4
3 :( 5 , 0 )-> 3
3 :( 1 , 6 )-> 8
3 :( 1 , 6 )-> 8
---
  012345678

0 825906437
1 716200859
2 940870126
3 091000040
4 460090071
5 350000290
6 139458762
7 080007914
8 674109080
---
3 :( 0 , 4 )-> 1
3 :( 2 , 2 )-> 3
3 :( 3 , 0 )-> 2
3 :( 5 , 8 )-> 8
3 :( 7 , 2 )-> 2
---
  012345678

0 825916437
1 716200859
2 943870126
3 291000040
4 460090071
5 350000298
6 139458762
7 082007914
8 674109080
---
3 :( 2 , 5 )-> 5
3 :( 4 , 2 )-> 8
3 :( 5 , 2 )-> 7
3 :( 7 , 0 )-> 5
3 :( 5 , 5 )-> 1
3 :( 5 , 5 )-> 1
3 :( 5 , 5 )-> 1
---
  012345678

0 825916437
1 716200859
2 943875126
3 291000040
4 468090071
5 357001298
6 139458762
7 582007914
8 674109080
---
3 :( 3 , 5 )-> 3
3 :( 5 , 3 )-> 6
3 :( 3 , 3 )-> 7
3 :( 3 , 4 )-> 8
3 :( 3 , 3 )-> 7
3 :( 3 , 4 )-> 8
3 :( 3 , 3 )-> 7
3 :( 3 , 4 )-> 8
---
  012345678

0 825916437
1 716200859
2 943875126
3 291783040
4 468090071
5 357601298
6 139458762
7 582007914
8 674109080
---
3 :( 1 , 5 )-> 4
3 :( 3 , 8 )-> 5
3 :( 4 , 3 )-> 5
3 :( 4 , 5 )-> 2
3 :( 5 , 4 )-> 4
3 :( 7 , 3 )-> 3
3 :( 3 , 6 )-> 6
3 :( 7 , 4 )-> 6
3 :( 7 , 4 )-> 6
3 :( 3 , 6 )-> 6
3 :( 3 , 6 )-> 6
3 :( 7 , 4 )-> 6
---
  012345678

0 825916437
1 716204859
2 943875126
3 291783645
4 468592071
5 357641298
6 139458762
7 582367914
8 674109080
---
3 :( 1 , 4 )-> 3
3 :( 4 , 6 )-> 3
3 :( 8 , 4 )-> 2
3 :( 8 , 8 )-> 3
3 :( 1 , 4 )-> 3
3 :( 8 , 4 )-> 2
3 :( 8 , 6 )-> 5
3 :( 8 , 4 )-> 2
3 :( 1 , 4 )-> 3
3 :( 8 , 6 )-> 5
3 :( 1 , 4 )-> 3
3 :( 8 , 4 )-> 2
3 :( 8 , 6 )-> 5
---
  012345678

0 825916437
1 716234859
2 943875126
3 291783645
4 468592371
5 357641298
6 139458762
7 582367914
8 674129583
---
解が出ました！  14.364883ms
