---
  012345678

0 058406010
1 000000000
2 004820000
3 005000460
4 406020103
5 091000800
6 000081700
7 000000000
8 010904680
---
0 :( 1 , 8 )-> 8
0 :( 5 , 4 )-> 4
0 :( 7 , 8 )-> 1
0 :( 5 , 4 )-> 4
0 :( 7 , 8 )-> 1
0 :( 1 , 8 )-> 8
0 :( 1 , 8 )-> 8
0 :( 5 , 4 )-> 4
0 :( 7 , 8 )-> 1
---
  012345678

0 058406010
1 000000008
2 004820000
3 005000460
4 406020103
5 091040800
6 000081700
7 000000001
8 010904680
---
0 :Test( 0 , 4 )-> 3
---
  012345678

0 058406010
1 000000008
2 004820000
3 005000460
4 406020103
5 091040800
6 000081700
7 000000001
8 010904680
---
( 4 , 4 )にて重複した解答発見
